<?xml version="1.0" encoding="UTF-8"?>
<testsuite xmlns:xsi="http://www.w3.org/2001/XMLSchema-instance" xsi:noNamespaceSchemaLocation="https://maven.apache.org/surefire/maven-surefire-plugin/xsd/surefire-test-report-3.0.xsd" version="3.0" name="qaclickacademy.Mavenjava.AppiumTest" time="5.432" tests="2" errors="0" skipped="0" failures="0">
  <properties>
    <property name="java.specification.version" value="14"/>
    <property name="sun.jnu.encoding" value="UTF-8"/>
    <property name="java.class.path" value="/Users/narsaiahdhoda/Desktop/workspace/Mavenjava/target/test-classes:/Users/narsaiahdhoda/Desktop/workspace/Mavenjava/target/classes:/Users/narsaiahdhoda/.m2/repository/org/seleniumhq/selenium/selenium-java/4.0.0-alpha-6/selenium-java-4.0.0-alpha-6.jar:/Users/narsaiahdhoda/.m2/repository/org/seleniumhq/selenium/selenium-api/4.0.0-alpha-6/selenium-api-4.0.0-alpha-6.jar:/Users/narsaiahdhoda/.m2/repository/org/seleniumhq/selenium/selenium-chrome-driver/4.0.0-alpha-6/selenium-chrome-driver-4.0.0-alpha-6.jar:/Users/narsaiahdhoda/.m2/repository/com/google/auto/service/auto-service-annotations/1.0-rc6/auto-service-annotations-1.0-rc6.jar:/Users/narsaiahdhoda/.m2/repository/com/google/auto/service/auto-service/1.0-rc6/auto-service-1.0-rc6.jar:/Users/narsaiahdhoda/.m2/repository/com/google/auto/auto-common/0.10/auto-common-0.10.jar:/Users/narsaiahdhoda/.m2/repository/com/google/guava/guava/29.0-jre/guava-29.0-jre.jar:/Users/narsaiahdhoda/.m2/repository/com/google/guava/failureaccess/1.0.1/failureaccess-1.0.1.jar:/Users/narsaiahdhoda/.m2/repository/com/google/guava/listenablefuture/9999.0-empty-to-avoid-conflict-with-guava/listenablefuture-9999.0-empty-to-avoid-conflict-with-guava.jar:/Users/narsaiahdhoda/.m2/repository/com/google/code/findbugs/jsr305/3.0.2/jsr305-3.0.2.jar:/Users/narsaiahdhoda/.m2/repository/org/checkerframework/checker-qual/2.11.1/checker-qual-2.11.1.jar:/Users/narsaiahdhoda/.m2/repository/com/google/errorprone/error_prone_annotations/2.3.4/error_prone_annotations-2.3.4.jar:/Users/narsaiahdhoda/.m2/repository/com/google/j2objc/j2objc-annotations/1.3/j2objc-annotations-1.3.jar:/Users/narsaiahdhoda/.m2/repository/org/seleniumhq/selenium/selenium-chromium-driver/4.0.0-alpha-6/selenium-chromium-driver-4.0.0-alpha-6.jar:/Users/narsaiahdhoda/.m2/repository/org/seleniumhq/selenium/selenium-devtools/4.0.0-alpha-6/selenium-devtools-4.0.0-alpha-6.jar:/Users/narsaiahdhoda/.m2/repository/org/seleniumhq/selenium/selenium-http/4.0.0-alpha-6/selenium-http-4.0.0-alpha-6.jar:/Users/narsaiahdhoda/.m2/repository/org/seleniumhq/selenium/selenium-json/4.0.0-alpha-6/selenium-json-4.0.0-alpha-6.jar:/Users/narsaiahdhoda/.m2/repository/org/seleniumhq/selenium/selenium-edge-driver/4.0.0-alpha-6/selenium-edge-driver-4.0.0-alpha-6.jar:/Users/narsaiahdhoda/.m2/repository/org/seleniumhq/selenium/selenium-edgehtml-driver/4.0.0-alpha-6/selenium-edgehtml-driver-4.0.0-alpha-6.jar:/Users/narsaiahdhoda/.m2/repository/org/seleniumhq/selenium/selenium-firefox-driver/4.0.0-alpha-6/selenium-firefox-driver-4.0.0-alpha-6.jar:/Users/narsaiahdhoda/.m2/repository/org/seleniumhq/selenium/selenium-firefox-xpi-driver/4.0.0-alpha-6/selenium-firefox-xpi-driver-4.0.0-alpha-6.jar:/Users/narsaiahdhoda/.m2/repository/org/seleniumhq/selenium/selenium-ie-driver/4.0.0-alpha-6/selenium-ie-driver-4.0.0-alpha-6.jar:/Users/narsaiahdhoda/.m2/repository/org/seleniumhq/selenium/selenium-opera-driver/4.0.0-alpha-6/selenium-opera-driver-4.0.0-alpha-6.jar:/Users/narsaiahdhoda/.m2/repository/org/seleniumhq/selenium/selenium-remote-driver/4.0.0-alpha-6/selenium-remote-driver-4.0.0-alpha-6.jar:/Users/narsaiahdhoda/.m2/repository/com/squareup/okhttp3/okhttp/4.5.0/okhttp-4.5.0.jar:/Users/narsaiahdhoda/.m2/repository/org/jetbrains/kotlin/kotlin-stdlib/1.3.70/kotlin-stdlib-1.3.70.jar:/Users/narsaiahdhoda/.m2/repository/org/jetbrains/annotations/13.0/annotations-13.0.jar:/Users/narsaiahdhoda/.m2/repository/com/squareup/okio/okio/2.6.0/okio-2.6.0.jar:/Users/narsaiahdhoda/.m2/repository/org/jetbrains/kotlin/kotlin-stdlib-common/1.3.70/kotlin-stdlib-common-1.3.70.jar:/Users/narsaiahdhoda/.m2/repository/com/typesafe/netty/netty-reactive-streams/2.0.4/netty-reactive-streams-2.0.4.jar:/Users/narsaiahdhoda/.m2/repository/io/netty/netty-handler/4.1.43.Final/netty-handler-4.1.43.Final.jar:/Users/narsaiahdhoda/.m2/repository/org/reactivestreams/reactive-streams/1.0.3/reactive-streams-1.0.3.jar:/Users/narsaiahdhoda/.m2/repository/io/grpc/grpc-context/1.28.0/grpc-context-1.28.0.jar:/Users/narsaiahdhoda/.m2/repository/io/netty/netty-buffer/4.1.49.Final/netty-buffer-4.1.49.Final.jar:/Users/narsaiahdhoda/.m2/repository/io/netty/netty-common/4.1.49.Final/netty-common-4.1.49.Final.jar:/Users/narsaiahdhoda/.m2/repository/io/netty/netty-codec-http/4.1.49.Final/netty-codec-http-4.1.49.Final.jar:/Users/narsaiahdhoda/.m2/repository/io/netty/netty-codec/4.1.49.Final/netty-codec-4.1.49.Final.jar:/Users/narsaiahdhoda/.m2/repository/io/netty/netty-transport-native-epoll/4.1.49.Final/netty-transport-native-epoll-4.1.49.Final.jar:/Users/narsaiahdhoda/.m2/repository/io/netty/netty-transport-native-epoll/4.1.49.Final/netty-transport-native-epoll-4.1.49.Final-linux-x86_64.jar:/Users/narsaiahdhoda/.m2/repository/io/netty/netty-transport-native-kqueue/4.1.49.Final/netty-transport-native-kqueue-4.1.49.Final.jar:/Users/narsaiahdhoda/.m2/repository/io/netty/netty-transport-native-kqueue/4.1.49.Final/netty-transport-native-kqueue-4.1.49.Final-osx-x86_64.jar:/Users/narsaiahdhoda/.m2/repository/io/netty/netty-transport-native-unix-common/4.1.49.Final/netty-transport-native-unix-common-4.1.49.Final.jar:/Users/narsaiahdhoda/.m2/repository/io/netty/netty-transport/4.1.49.Final/netty-transport-4.1.49.Final.jar:/Users/narsaiahdhoda/.m2/repository/io/netty/netty-resolver/4.1.49.Final/netty-resolver-4.1.49.Final.jar:/Users/narsaiahdhoda/.m2/repository/io/opentelemetry/opentelemetry-api/0.4.0/opentelemetry-api-0.4.0.jar:/Users/narsaiahdhoda/.m2/repository/io/opentelemetry/opentelemetry-context-prop/0.4.0/opentelemetry-context-prop-0.4.0.jar:/Users/narsaiahdhoda/.m2/repository/io/opentelemetry/opentelemetry-sdk/0.4.0/opentelemetry-sdk-0.4.0.jar:/Users/narsaiahdhoda/.m2/repository/io/projectreactor/netty/reactor-netty/0.9.6.RELEASE/reactor-netty-0.9.6.RELEASE.jar:/Users/narsaiahdhoda/.m2/repository/io/netty/netty-codec-http2/4.1.48.Final/netty-codec-http2-4.1.48.Final.jar:/Users/narsaiahdhoda/.m2/repository/io/netty/netty-handler-proxy/4.1.48.Final/netty-handler-proxy-4.1.48.Final.jar:/Users/narsaiahdhoda/.m2/repository/io/projectreactor/reactor-core/3.3.5.RELEASE/reactor-core-3.3.5.RELEASE.jar:/Users/narsaiahdhoda/.m2/repository/net/bytebuddy/byte-buddy/1.10.9/byte-buddy-1.10.9.jar:/Users/narsaiahdhoda/.m2/repository/org/apache/commons/commons-exec/1.3/commons-exec-1.3.jar:/Users/narsaiahdhoda/.m2/repository/org/asynchttpclient/async-http-client/2.12.1/async-http-client-2.12.1.jar:/Users/narsaiahdhoda/.m2/repository/org/asynchttpclient/async-http-client-netty-utils/2.12.1/async-http-client-netty-utils-2.12.1.jar:/Users/narsaiahdhoda/.m2/repository/io/netty/netty-codec-socks/4.1.48.Final/netty-codec-socks-4.1.48.Final.jar:/Users/narsaiahdhoda/.m2/repository/com/sun/activation/javax.activation/1.2.0/javax.activation-1.2.0.jar:/Users/narsaiahdhoda/.m2/repository/org/seleniumhq/selenium/selenium-safari-driver/4.0.0-alpha-6/selenium-safari-driver-4.0.0-alpha-6.jar:/Users/narsaiahdhoda/.m2/repository/org/seleniumhq/selenium/selenium-support/4.0.0-alpha-6/selenium-support-4.0.0-alpha-6.jar:/Users/narsaiahdhoda/.m2/repository/org/testng/testng/7.1.0/testng-7.1.0.jar:/Users/narsaiahdhoda/.m2/repository/com/beust/jcommander/1.72/jcommander-1.72.jar:/Users/narsaiahdhoda/.m2/repository/com/google/inject/guice/4.1.0/guice-4.1.0-no_aop.jar:/Users/narsaiahdhoda/.m2/repository/javax/inject/javax.inject/1/javax.inject-1.jar:/Users/narsaiahdhoda/.m2/repository/aopalliance/aopalliance/1.0/aopalliance-1.0.jar:/Users/narsaiahdhoda/.m2/repository/org/yaml/snakeyaml/1.21/snakeyaml-1.21.jar:/Users/narsaiahdhoda/.m2/repository/io/rest-assured/rest-assured/4.3.0/rest-assured-4.3.0.jar:/Users/narsaiahdhoda/.m2/repository/org/codehaus/groovy/groovy/3.0.2/groovy-3.0.2.jar:/Users/narsaiahdhoda/.m2/repository/org/codehaus/groovy/groovy-xml/3.0.2/groovy-xml-3.0.2.jar:/Users/narsaiahdhoda/.m2/repository/org/apache/httpcomponents/httpclient/4.5.3/httpclient-4.5.3.jar:/Users/narsaiahdhoda/.m2/repository/org/apache/httpcomponents/httpcore/4.4.6/httpcore-4.4.6.jar:/Users/narsaiahdhoda/.m2/repository/commons-logging/commons-logging/1.2/commons-logging-1.2.jar:/Users/narsaiahdhoda/.m2/repository/commons-codec/commons-codec/1.9/commons-codec-1.9.jar:/Users/narsaiahdhoda/.m2/repository/org/apache/httpcomponents/httpmime/4.5.3/httpmime-4.5.3.jar:/Users/narsaiahdhoda/.m2/repository/org/hamcrest/hamcrest/2.1/hamcrest-2.1.jar:/Users/narsaiahdhoda/.m2/repository/org/ccil/cowan/tagsoup/tagsoup/1.2.1/tagsoup-1.2.1.jar:/Users/narsaiahdhoda/.m2/repository/io/rest-assured/json-path/4.3.0/json-path-4.3.0.jar:/Users/narsaiahdhoda/.m2/repository/org/codehaus/groovy/groovy-json/3.0.2/groovy-json-3.0.2.jar:/Users/narsaiahdhoda/.m2/repository/io/rest-assured/rest-assured-common/4.3.0/rest-assured-common-4.3.0.jar:/Users/narsaiahdhoda/.m2/repository/io/rest-assured/xml-path/4.3.0/xml-path-4.3.0.jar:/Users/narsaiahdhoda/.m2/repository/jakarta/xml/bind/jakarta.xml.bind-api/2.3.2/jakarta.xml.bind-api-2.3.2.jar:/Users/narsaiahdhoda/.m2/repository/jakarta/activation/jakarta.activation-api/1.2.1/jakarta.activation-api-1.2.1.jar:/Users/narsaiahdhoda/.m2/repository/com/sun/xml/bind/jaxb-osgi/2.3.0.1/jaxb-osgi-2.3.0.1.jar:/Users/narsaiahdhoda/.m2/repository/org/apache/sling/org.apache.sling.javax.activation/0.1.0/org.apache.sling.javax.activation-0.1.0.jar:/Users/narsaiahdhoda/.m2/repository/javax/activation/activation/1.1.1/activation-1.1.1.jar:/Users/narsaiahdhoda/.m2/repository/io/appium/java-client/7.3.0/java-client-7.3.0.jar:/Users/narsaiahdhoda/.m2/repository/com/google/code/gson/gson/2.8.5/gson-2.8.5.jar:/Users/narsaiahdhoda/.m2/repository/cglib/cglib/3.2.12/cglib-3.2.12.jar:/Users/narsaiahdhoda/.m2/repository/org/ow2/asm/asm/7.1/asm-7.1.jar:/Users/narsaiahdhoda/.m2/repository/commons-validator/commons-validator/1.6/commons-validator-1.6.jar:/Users/narsaiahdhoda/.m2/repository/commons-beanutils/commons-beanutils/1.9.2/commons-beanutils-1.9.2.jar:/Users/narsaiahdhoda/.m2/repository/commons-digester/commons-digester/1.8.1/commons-digester-1.8.1.jar:/Users/narsaiahdhoda/.m2/repository/commons-collections/commons-collections/3.2.2/commons-collections-3.2.2.jar:/Users/narsaiahdhoda/.m2/repository/org/apache/commons/commons-lang3/3.9/commons-lang3-3.9.jar:/Users/narsaiahdhoda/.m2/repository/commons-io/commons-io/2.6/commons-io-2.6.jar:/Users/narsaiahdhoda/.m2/repository/org/springframework/spring-context/5.1.8.RELEASE/spring-context-5.1.8.RELEASE.jar:/Users/narsaiahdhoda/.m2/repository/org/springframework/spring-aop/5.1.8.RELEASE/spring-aop-5.1.8.RELEASE.jar:/Users/narsaiahdhoda/.m2/repository/org/springframework/spring-beans/5.1.8.RELEASE/spring-beans-5.1.8.RELEASE.jar:/Users/narsaiahdhoda/.m2/repository/org/springframework/spring-core/5.1.8.RELEASE/spring-core-5.1.8.RELEASE.jar:/Users/narsaiahdhoda/.m2/repository/org/springframework/spring-jcl/5.1.8.RELEASE/spring-jcl-5.1.8.RELEASE.jar:/Users/narsaiahdhoda/.m2/repository/org/springframework/spring-expression/5.1.8.RELEASE/spring-expression-5.1.8.RELEASE.jar:/Users/narsaiahdhoda/.m2/repository/org/aspectj/aspectjweaver/1.9.4/aspectjweaver-1.9.4.jar:/Users/narsaiahdhoda/.m2/repository/org/slf4j/slf4j-api/1.7.26/slf4j-api-1.7.26.jar:"/>
    <property name="java.vm.vendor" value="Oracle Corporation"/>
    <property name="sun.arch.data.model" value="64"/>
    <property name="java.vendor.url" value="https://java.oracle.com/"/>
    <property name="user.timezone" value="America/Chicago"/>
    <property name="os.name" value="Mac OS X"/>
    <property name="java.vm.specification.version" value="14"/>
    <property name="sun.java.launcher" value="SUN_STANDARD"/>
    <property name="user.country" value="US"/>
    <property name="sun.boot.library.path" value="/Library/Java/JavaVirtualMachines/jdk-14.0.1.jdk/Contents/Home/lib"/>
    <property name="sun.java.command" value="/Users/narsaiahdhoda/Desktop/workspace/Mavenjava/target/surefire/surefirebooter16289020091834084196.jar /Users/narsaiahdhoda/Desktop/workspace/Mavenjava/target/surefire 2020-06-20T13-28-15_206-jvmRun1 surefire7918708318104671030tmp surefire_01501397514595857662tmp"/>
    <property name="http.nonProxyHosts" value="local|*.local|169.254/16|*.169.254/16"/>
    <property name="jdk.debug" value="release"/>
    <property name="test" value="AppiumTest"/>
    <property name="surefire.test.class.path" value="/Users/narsaiahdhoda/Desktop/workspace/Mavenjava/target/test-classes:/Users/narsaiahdhoda/Desktop/workspace/Mavenjava/target/classes:/Users/narsaiahdhoda/.m2/repository/org/seleniumhq/selenium/selenium-java/4.0.0-alpha-6/selenium-java-4.0.0-alpha-6.jar:/Users/narsaiahdhoda/.m2/repository/org/seleniumhq/selenium/selenium-api/4.0.0-alpha-6/selenium-api-4.0.0-alpha-6.jar:/Users/narsaiahdhoda/.m2/repository/org/seleniumhq/selenium/selenium-chrome-driver/4.0.0-alpha-6/selenium-chrome-driver-4.0.0-alpha-6.jar:/Users/narsaiahdhoda/.m2/repository/com/google/auto/service/auto-service-annotations/1.0-rc6/auto-service-annotations-1.0-rc6.jar:/Users/narsaiahdhoda/.m2/repository/com/google/auto/service/auto-service/1.0-rc6/auto-service-1.0-rc6.jar:/Users/narsaiahdhoda/.m2/repository/com/google/auto/auto-common/0.10/auto-common-0.10.jar:/Users/narsaiahdhoda/.m2/repository/com/google/guava/guava/29.0-jre/guava-29.0-jre.jar:/Users/narsaiahdhoda/.m2/repository/com/google/guava/failureaccess/1.0.1/failureaccess-1.0.1.jar:/Users/narsaiahdhoda/.m2/repository/com/google/guava/listenablefuture/9999.0-empty-to-avoid-conflict-with-guava/listenablefuture-9999.0-empty-to-avoid-conflict-with-guava.jar:/Users/narsaiahdhoda/.m2/repository/com/google/code/findbugs/jsr305/3.0.2/jsr305-3.0.2.jar:/Users/narsaiahdhoda/.m2/repository/org/checkerframework/checker-qual/2.11.1/checker-qual-2.11.1.jar:/Users/narsaiahdhoda/.m2/repository/com/google/errorprone/error_prone_annotations/2.3.4/error_prone_annotations-2.3.4.jar:/Users/narsaiahdhoda/.m2/repository/com/google/j2objc/j2objc-annotations/1.3/j2objc-annotations-1.3.jar:/Users/narsaiahdhoda/.m2/repository/org/seleniumhq/selenium/selenium-chromium-driver/4.0.0-alpha-6/selenium-chromium-driver-4.0.0-alpha-6.jar:/Users/narsaiahdhoda/.m2/repository/org/seleniumhq/selenium/selenium-devtools/4.0.0-alpha-6/selenium-devtools-4.0.0-alpha-6.jar:/Users/narsaiahdhoda/.m2/repository/org/seleniumhq/selenium/selenium-http/4.0.0-alpha-6/selenium-http-4.0.0-alpha-6.jar:/Users/narsaiahdhoda/.m2/repository/org/seleniumhq/selenium/selenium-json/4.0.0-alpha-6/selenium-json-4.0.0-alpha-6.jar:/Users/narsaiahdhoda/.m2/repository/org/seleniumhq/selenium/selenium-edge-driver/4.0.0-alpha-6/selenium-edge-driver-4.0.0-alpha-6.jar:/Users/narsaiahdhoda/.m2/repository/org/seleniumhq/selenium/selenium-edgehtml-driver/4.0.0-alpha-6/selenium-edgehtml-driver-4.0.0-alpha-6.jar:/Users/narsaiahdhoda/.m2/repository/org/seleniumhq/selenium/selenium-firefox-driver/4.0.0-alpha-6/selenium-firefox-driver-4.0.0-alpha-6.jar:/Users/narsaiahdhoda/.m2/repository/org/seleniumhq/selenium/selenium-firefox-xpi-driver/4.0.0-alpha-6/selenium-firefox-xpi-driver-4.0.0-alpha-6.jar:/Users/narsaiahdhoda/.m2/repository/org/seleniumhq/selenium/selenium-ie-driver/4.0.0-alpha-6/selenium-ie-driver-4.0.0-alpha-6.jar:/Users/narsaiahdhoda/.m2/repository/org/seleniumhq/selenium/selenium-opera-driver/4.0.0-alpha-6/selenium-opera-driver-4.0.0-alpha-6.jar:/Users/narsaiahdhoda/.m2/repository/org/seleniumhq/selenium/selenium-remote-driver/4.0.0-alpha-6/selenium-remote-driver-4.0.0-alpha-6.jar:/Users/narsaiahdhoda/.m2/repository/com/squareup/okhttp3/okhttp/4.5.0/okhttp-4.5.0.jar:/Users/narsaiahdhoda/.m2/repository/org/jetbrains/kotlin/kotlin-stdlib/1.3.70/kotlin-stdlib-1.3.70.jar:/Users/narsaiahdhoda/.m2/repository/org/jetbrains/annotations/13.0/annotations-13.0.jar:/Users/narsaiahdhoda/.m2/repository/com/squareup/okio/okio/2.6.0/okio-2.6.0.jar:/Users/narsaiahdhoda/.m2/repository/org/jetbrains/kotlin/kotlin-stdlib-common/1.3.70/kotlin-stdlib-common-1.3.70.jar:/Users/narsaiahdhoda/.m2/repository/com/typesafe/netty/netty-reactive-streams/2.0.4/netty-reactive-streams-2.0.4.jar:/Users/narsaiahdhoda/.m2/repository/io/netty/netty-handler/4.1.43.Final/netty-handler-4.1.43.Final.jar:/Users/narsaiahdhoda/.m2/repository/org/reactivestreams/reactive-streams/1.0.3/reactive-streams-1.0.3.jar:/Users/narsaiahdhoda/.m2/repository/io/grpc/grpc-context/1.28.0/grpc-context-1.28.0.jar:/Users/narsaiahdhoda/.m2/repository/io/netty/netty-buffer/4.1.49.Final/netty-buffer-4.1.49.Final.jar:/Users/narsaiahdhoda/.m2/repository/io/netty/netty-common/4.1.49.Final/netty-common-4.1.49.Final.jar:/Users/narsaiahdhoda/.m2/repository/io/netty/netty-codec-http/4.1.49.Final/netty-codec-http-4.1.49.Final.jar:/Users/narsaiahdhoda/.m2/repository/io/netty/netty-codec/4.1.49.Final/netty-codec-4.1.49.Final.jar:/Users/narsaiahdhoda/.m2/repository/io/netty/netty-transport-native-epoll/4.1.49.Final/netty-transport-native-epoll-4.1.49.Final.jar:/Users/narsaiahdhoda/.m2/repository/io/netty/netty-transport-native-epoll/4.1.49.Final/netty-transport-native-epoll-4.1.49.Final-linux-x86_64.jar:/Users/narsaiahdhoda/.m2/repository/io/netty/netty-transport-native-kqueue/4.1.49.Final/netty-transport-native-kqueue-4.1.49.Final.jar:/Users/narsaiahdhoda/.m2/repository/io/netty/netty-transport-native-kqueue/4.1.49.Final/netty-transport-native-kqueue-4.1.49.Final-osx-x86_64.jar:/Users/narsaiahdhoda/.m2/repository/io/netty/netty-transport-native-unix-common/4.1.49.Final/netty-transport-native-unix-common-4.1.49.Final.jar:/Users/narsaiahdhoda/.m2/repository/io/netty/netty-transport/4.1.49.Final/netty-transport-4.1.49.Final.jar:/Users/narsaiahdhoda/.m2/repository/io/netty/netty-resolver/4.1.49.Final/netty-resolver-4.1.49.Final.jar:/Users/narsaiahdhoda/.m2/repository/io/opentelemetry/opentelemetry-api/0.4.0/opentelemetry-api-0.4.0.jar:/Users/narsaiahdhoda/.m2/repository/io/opentelemetry/opentelemetry-context-prop/0.4.0/opentelemetry-context-prop-0.4.0.jar:/Users/narsaiahdhoda/.m2/repository/io/opentelemetry/opentelemetry-sdk/0.4.0/opentelemetry-sdk-0.4.0.jar:/Users/narsaiahdhoda/.m2/repository/io/projectreactor/netty/reactor-netty/0.9.6.RELEASE/reactor-netty-0.9.6.RELEASE.jar:/Users/narsaiahdhoda/.m2/repository/io/netty/netty-codec-http2/4.1.48.Final/netty-codec-http2-4.1.48.Final.jar:/Users/narsaiahdhoda/.m2/repository/io/netty/netty-handler-proxy/4.1.48.Final/netty-handler-proxy-4.1.48.Final.jar:/Users/narsaiahdhoda/.m2/repository/io/projectreactor/reactor-core/3.3.5.RELEASE/reactor-core-3.3.5.RELEASE.jar:/Users/narsaiahdhoda/.m2/repository/net/bytebuddy/byte-buddy/1.10.9/byte-buddy-1.10.9.jar:/Users/narsaiahdhoda/.m2/repository/org/apache/commons/commons-exec/1.3/commons-exec-1.3.jar:/Users/narsaiahdhoda/.m2/repository/org/asynchttpclient/async-http-client/2.12.1/async-http-client-2.12.1.jar:/Users/narsaiahdhoda/.m2/repository/org/asynchttpclient/async-http-client-netty-utils/2.12.1/async-http-client-netty-utils-2.12.1.jar:/Users/narsaiahdhoda/.m2/repository/io/netty/netty-codec-socks/4.1.48.Final/netty-codec-socks-4.1.48.Final.jar:/Users/narsaiahdhoda/.m2/repository/com/sun/activation/javax.activation/1.2.0/javax.activation-1.2.0.jar:/Users/narsaiahdhoda/.m2/repository/org/seleniumhq/selenium/selenium-safari-driver/4.0.0-alpha-6/selenium-safari-driver-4.0.0-alpha-6.jar:/Users/narsaiahdhoda/.m2/repository/org/seleniumhq/selenium/selenium-support/4.0.0-alpha-6/selenium-support-4.0.0-alpha-6.jar:/Users/narsaiahdhoda/.m2/repository/org/testng/testng/7.1.0/testng-7.1.0.jar:/Users/narsaiahdhoda/.m2/repository/com/beust/jcommander/1.72/jcommander-1.72.jar:/Users/narsaiahdhoda/.m2/repository/com/google/inject/guice/4.1.0/guice-4.1.0-no_aop.jar:/Users/narsaiahdhoda/.m2/repository/javax/inject/javax.inject/1/javax.inject-1.jar:/Users/narsaiahdhoda/.m2/repository/aopalliance/aopalliance/1.0/aopalliance-1.0.jar:/Users/narsaiahdhoda/.m2/repository/org/yaml/snakeyaml/1.21/snakeyaml-1.21.jar:/Users/narsaiahdhoda/.m2/repository/io/rest-assured/rest-assured/4.3.0/rest-assured-4.3.0.jar:/Users/narsaiahdhoda/.m2/repository/org/codehaus/groovy/groovy/3.0.2/groovy-3.0.2.jar:/Users/narsaiahdhoda/.m2/repository/org/codehaus/groovy/groovy-xml/3.0.2/groovy-xml-3.0.2.jar:/Users/narsaiahdhoda/.m2/repository/org/apache/httpcomponents/httpclient/4.5.3/httpclient-4.5.3.jar:/Users/narsaiahdhoda/.m2/repository/org/apache/httpcomponents/httpcore/4.4.6/httpcore-4.4.6.jar:/Users/narsaiahdhoda/.m2/repository/commons-logging/commons-logging/1.2/commons-logging-1.2.jar:/Users/narsaiahdhoda/.m2/repository/commons-codec/commons-codec/1.9/commons-codec-1.9.jar:/Users/narsaiahdhoda/.m2/repository/org/apache/httpcomponents/httpmime/4.5.3/httpmime-4.5.3.jar:/Users/narsaiahdhoda/.m2/repository/org/hamcrest/hamcrest/2.1/hamcrest-2.1.jar:/Users/narsaiahdhoda/.m2/repository/org/ccil/cowan/tagsoup/tagsoup/1.2.1/tagsoup-1.2.1.jar:/Users/narsaiahdhoda/.m2/repository/io/rest-assured/json-path/4.3.0/json-path-4.3.0.jar:/Users/narsaiahdhoda/.m2/repository/org/codehaus/groovy/groovy-json/3.0.2/groovy-json-3.0.2.jar:/Users/narsaiahdhoda/.m2/repository/io/rest-assured/rest-assured-common/4.3.0/rest-assured-common-4.3.0.jar:/Users/narsaiahdhoda/.m2/repository/io/rest-assured/xml-path/4.3.0/xml-path-4.3.0.jar:/Users/narsaiahdhoda/.m2/repository/jakarta/xml/bind/jakarta.xml.bind-api/2.3.2/jakarta.xml.bind-api-2.3.2.jar:/Users/narsaiahdhoda/.m2/repository/jakarta/activation/jakarta.activation-api/1.2.1/jakarta.activation-api-1.2.1.jar:/Users/narsaiahdhoda/.m2/repository/com/sun/xml/bind/jaxb-osgi/2.3.0.1/jaxb-osgi-2.3.0.1.jar:/Users/narsaiahdhoda/.m2/repository/org/apache/sling/org.apache.sling.javax.activation/0.1.0/org.apache.sling.javax.activation-0.1.0.jar:/Users/narsaiahdhoda/.m2/repository/javax/activation/activation/1.1.1/activation-1.1.1.jar:/Users/narsaiahdhoda/.m2/repository/io/appium/java-client/7.3.0/java-client-7.3.0.jar:/Users/narsaiahdhoda/.m2/repository/com/google/code/gson/gson/2.8.5/gson-2.8.5.jar:/Users/narsaiahdhoda/.m2/repository/cglib/cglib/3.2.12/cglib-3.2.12.jar:/Users/narsaiahdhoda/.m2/repository/org/ow2/asm/asm/7.1/asm-7.1.jar:/Users/narsaiahdhoda/.m2/repository/commons-validator/commons-validator/1.6/commons-validator-1.6.jar:/Users/narsaiahdhoda/.m2/repository/commons-beanutils/commons-beanutils/1.9.2/commons-beanutils-1.9.2.jar:/Users/narsaiahdhoda/.m2/repository/commons-digester/commons-digester/1.8.1/commons-digester-1.8.1.jar:/Users/narsaiahdhoda/.m2/repository/commons-collections/commons-collections/3.2.2/commons-collections-3.2.2.jar:/Users/narsaiahdhoda/.m2/repository/org/apache/commons/commons-lang3/3.9/commons-lang3-3.9.jar:/Users/narsaiahdhoda/.m2/repository/commons-io/commons-io/2.6/commons-io-2.6.jar:/Users/narsaiahdhoda/.m2/repository/org/springframework/spring-context/5.1.8.RELEASE/spring-context-5.1.8.RELEASE.jar:/Users/narsaiahdhoda/.m2/repository/org/springframework/spring-aop/5.1.8.RELEASE/spring-aop-5.1.8.RELEASE.jar:/Users/narsaiahdhoda/.m2/repository/org/springframework/spring-beans/5.1.8.RELEASE/spring-beans-5.1.8.RELEASE.jar:/Users/narsaiahdhoda/.m2/repository/org/springframework/spring-core/5.1.8.RELEASE/spring-core-5.1.8.RELEASE.jar:/Users/narsaiahdhoda/.m2/repository/org/springframework/spring-jcl/5.1.8.RELEASE/spring-jcl-5.1.8.RELEASE.jar:/Users/narsaiahdhoda/.m2/repository/org/springframework/spring-expression/5.1.8.RELEASE/spring-expression-5.1.8.RELEASE.jar:/Users/narsaiahdhoda/.m2/repository/org/aspectj/aspectjweaver/1.9.4/aspectjweaver-1.9.4.jar:/Users/narsaiahdhoda/.m2/repository/org/slf4j/slf4j-api/1.7.26/slf4j-api-1.7.26.jar:"/>
    <property name="sun.cpu.endian" value="little"/>
    <property name="user.home" value="/Users/narsaiahdhoda"/>
    <property name="user.language" value="en"/>
    <property name="java.specification.vendor" value="Oracle Corporation"/>
    <property name="java.version.date" value="2020-04-14"/>
    <property name="java.home" value="/Library/Java/JavaVirtualMachines/jdk-14.0.1.jdk/Contents/Home"/>
    <property name="file.separator" value="/"/>
    <property name="basedir" value="/Users/narsaiahdhoda/Desktop/workspace/Mavenjava"/>
    <property name="java.vm.compressedOopsMode" value="Zero based"/>
    <property name="line.separator" value="&#10;"/>
    <property name="java.specification.name" value="Java Platform API Specification"/>
    <property name="java.vm.specification.vendor" value="Oracle Corporation"/>
    <property name="surefire.real.class.path" value="/Users/narsaiahdhoda/Desktop/workspace/Mavenjava/target/surefire/surefirebooter16289020091834084196.jar"/>
    <property name="sun.management.compiler" value="HotSpot 64-Bit Tiered Compilers"/>
    <property name="ftp.nonProxyHosts" value="local|*.local|169.254/16|*.169.254/16"/>
    <property name="java.runtime.version" value="14.0.1+7"/>
    <property name="user.name" value="narsaiahdhoda"/>
    <property name="path.separator" value=":"/>
    <property name="os.version" value="10.12.6"/>
    <property name="java.runtime.name" value="Java(TM) SE Runtime Environment"/>
    <property name="file.encoding" value="UTF-8"/>
    <property name="java.vm.name" value="Java HotSpot(TM) 64-Bit Server VM"/>
    <property name="localRepository" value="/Users/narsaiahdhoda/.m2/repository"/>
    <property name="java.vendor.url.bug" value="https://bugreport.java.com/bugreport/"/>
    <property name="java.io.tmpdir" value="/var/folders/9h/46jvg6fn68z3pq831s34w4j00000gn/T/"/>
    <property name="java.version" value="14.0.1"/>
    <property name="user.dir" value="/Users/narsaiahdhoda/Desktop/workspace/Mavenjava"/>
    <property name="os.arch" value="x86_64"/>
    <property name="java.vm.specification.name" value="Java Virtual Machine Specification"/>
    <property name="java.library.path" value="/Users/narsaiahdhoda/Library/Java/Extensions:/Library/Java/Extensions:/Network/Library/Java/Extensions:/System/Library/Java/Extensions:/usr/lib/java:."/>
    <property name="java.vm.info" value="mixed mode, sharing"/>
    <property name="java.vendor" value="Oracle Corporation"/>
    <property name="java.vm.version" value="14.0.1+7"/>
    <property name="sun.io.unicode.encoding" value="UnicodeBig"/>
    <property name="socksNonProxyHosts" value="local|*.local|169.254/16|*.169.254/16"/>
    <property name="java.class.version" value="58.0"/>
  </properties>
  <testcase name="iosApps" classname="qaclickacademy.Mavenjava.AppiumTest" time="0.006">
    <system-out><![CDATA[iosApps
]]></system-out>
  </testcase>
  <testcase name="nativeAppAndroid" classname="qaclickacademy.Mavenjava.AppiumTest" time="0">
    <system-out><![CDATA[nativeAndroid
]]></system-out>
  </testcase>
</testsuite>